This file contains any messages produced by compilers while
running configure, to aid debugging if configure makes a mistake.

configure:556: checking for a BSD compatible install
configure:609: checking whether build environment is sane
configure:666: checking whether make sets ${MAKE}
configure:705: checking for working aclocal
configure:718: checking for working autoconf
configure:731: checking for working automake
configure:744: checking for working autoheader
configure:757: checking for working makeinfo
configure:774: checking for gcc
configure:887: checking whether the C compiler (gcc  ) works
configure:903: gcc -o conftest    conftest.c  1>&5
configure:929: checking whether the C compiler (gcc  ) is a cross-compiler
configure:934: checking whether we are using GNU C
configure:962: checking whether gcc accepts -g
configure:995: checking for main in -lcgic
configure:1038: checking for sqlite3_prepare in -lsqlite3
configure:1086: checking how to run the C preprocessor
configure:1166: checking for ANSI C header files
configure:1273: checking for sys/time.h
configure:1311: checking for working const
configure:1386: checking for size_t
configure:1419: checking whether time.h and sys/time.h may both be included
configure:1454: checking whether struct tm is in sys/time.h or time.h
configure:1491: checking for gettimeofday
configure:1491: checking for strstr
